<?xml version="1.0" encoding="UTF-8"?>
<testng-results skipped="0" failed="0" ignored="0" total="8" passed="8">
  <reporter-output>
  </reporter-output>
  <suite name="Default suite" duration-ms="43895" started-at="2021-09-16T22:39:25 IST" finished-at="2021-09-16T22:40:09 IST">
    <groups>
    </groups>
    <test name="Default test" duration-ms="43895" started-at="2021-09-16T22:39:25 IST" finished-at="2021-09-16T22:40:09 IST">
      <class name="com.sgtestings.test1.Testng">
        <test-method status="PASS" signature="launchBrowser()[pri:1, instance:com.sgtestings.test1.Testng@5f3a4b84]" name="launchBrowser" duration-ms="2806" started-at="2021-09-16T22:39:25 IST" finished-at="2021-09-16T22:39:28 IST">
          <reporter-output>
          </reporter-output>
        </test-method> <!-- launchBrowser -->
        <test-method status="PASS" signature="navigate()[pri:2, instance:com.sgtestings.test1.Testng@5f3a4b84]" name="navigate" duration-ms="5099" started-at="2021-09-16T22:39:28 IST" finished-at="2021-09-16T22:39:33 IST">
          <reporter-output>
          </reporter-output>
        </test-method> <!-- navigate -->
        <test-method status="PASS" signature="login()[pri:3, instance:com.sgtestings.test1.Testng@5f3a4b84]" name="login" duration-ms="4440" started-at="2021-09-16T22:39:33 IST" finished-at="2021-09-16T22:39:37 IST">
          <reporter-output>
          </reporter-output>
        </test-method> <!-- login -->
        <test-method status="PASS" signature="minimizeFlyOutWindow()[pri:4, instance:com.sgtestings.test1.Testng@5f3a4b84]" name="minimizeFlyOutWindow" duration-ms="3071" started-at="2021-09-16T22:39:37 IST" finished-at="2021-09-16T22:39:40 IST">
          <reporter-output>
          </reporter-output>
        </test-method> <!-- minimizeFlyOutWindow -->
        <test-method status="PASS" signature="createUser()[pri:5, instance:com.sgtestings.test1.Testng@5f3a4b84]" name="createUser" duration-ms="15323" started-at="2021-09-16T22:39:40 IST" finished-at="2021-09-16T22:39:56 IST">
          <reporter-output>
          </reporter-output>
        </test-method> <!-- createUser -->
        <test-method status="PASS" signature="deleteUser()[pri:6, instance:com.sgtestings.test1.Testng@5f3a4b84]" name="deleteUser" duration-ms="9383" started-at="2021-09-16T22:39:56 IST" finished-at="2021-09-16T22:40:05 IST">
          <reporter-output>
          </reporter-output>
        </test-method> <!-- deleteUser -->
        <test-method status="PASS" signature="logout()[pri:7, instance:com.sgtestings.test1.Testng@5f3a4b84]" name="logout" duration-ms="3532" started-at="2021-09-16T22:40:05 IST" finished-at="2021-09-16T22:40:09 IST">
          <reporter-output>
          </reporter-output>
        </test-method> <!-- logout -->
        <test-method status="PASS" signature="closeApplecation()[pri:8, instance:com.sgtestings.test1.Testng@5f3a4b84]" name="closeApplecation" duration-ms="134" started-at="2021-09-16T22:40:09 IST" finished-at="2021-09-16T22:40:09 IST">
          <reporter-output>
          </reporter-output>
        </test-method> <!-- closeApplecation -->
      </class> <!-- com.sgtestings.test1.Testng -->
    </test> <!-- Default test -->
  </suite> <!-- Default suite -->
</testng-results>
